2024-10-21 22:20:38,270 INFO: Distributed environment: NO
Num processes: 1
Process index: 0
Local process index: 0
Device: cuda

Mixed precision type: fp16

2024-10-21 22:20:38,270 INFO: 
  name: vase_r1024
  manual_seed: 0
  mixed_precision: fp16
  gradient_accumulation_steps: 1
  datasets:[
    train:[
      name: LoraDataset
      concept_list: datasets/data_cfgs/MixofShow/single-concept/objects/real/vase.json
      use_caption: True
      instance_transform: [{'type': 'Resize', 'size': 512}, {'type': 'RandomCrop', 'size': 512}, {'type': 'ToTensor'}, {'type': 'Normalize', 'mean': [0.5], 'std': [0.5]}, {'type': 'ShuffleCaption', 'keep_token_num': 1}, {'type': 'EnhanceText', 'enhance_type': 'object'}]
      replace_mapping:[
        <TOK>: <vase1> <vase2>
      ]
      batch_size_per_gpu: 2
      dataset_enlarge_ratio: 500
    ]
    val_vis:[
      name: PromptDataset
      prompts: datasets/validation_prompts/single-concept/objects/test_vase.txt
      num_samples_per_prompt: 8
      latent_size: [4, 64, 64]
      replace_mapping:[
        <TOK>: <vase1> <vase2>
      ]
      batch_size_per_gpu: 4
    ]
  ]
  models:[
    pretrained_path: experiments/pretrained_models/chilloutmix
    enable_edlora: True
    finetune_cfg:[
      text_embedding:[
        enable_tuning: False
        lr: 0.001
      ]
      text_encoder:[
        enable_tuning: True
        lora_cfg:[
          rank: 1024
          alpha: 1.0
          where: CLIPAttention
        ]
        lr: 0.005
      ]
      unet:[
        enable_tuning: True
        lora_cfg:[
          rank: 1024
          alpha: 1.0
          where: Attention
        ]
        lr: 0.0001
      ]
    ]
    new_concept_token: <vase1>+<vase2>
    initializer_token: <rand-0.013>+vase
    noise_offset: 0.01
    attn_reg_weight: 0.01
    reg_full_identity: False
    use_mask_loss: True
    gradient_checkpoint: False
    enable_xformers: True
  ]
  path:[
    pretrain_network: None
    experiments_root: /media/hdd2/zfzhao/mix_cleanup2/mix_vera/Mix-of-Show/experiments/vase_r1024
    models: /media/hdd2/zfzhao/mix_cleanup2/mix_vera/Mix-of-Show/experiments/vase_r1024/models
    log: /media/hdd2/zfzhao/mix_cleanup2/mix_vera/Mix-of-Show/experiments/vase_r1024
    visualization: /media/hdd2/zfzhao/mix_cleanup2/mix_vera/Mix-of-Show/experiments/vase_r1024/visualization
  ]
  train:[
    optim_g:[
      type: AdamW
      lr: 0.0
      weight_decay: 0.01
      betas: [0.9, 0.999]
    ]
    unet_kv_drop_rate: 0
    scheduler: linear
    emb_norm_threshold: 0.55
  ]
  val:[
    val_during_save: True
    compose_visualize: True
    alpha_list: [0, 0.7, 1.0]
    sample:[
      num_inference_steps: 50
      guidance_scale: 7.5
    ]
  ]
  logger:[
    print_freq: 10
    save_checkpoint_freq: 10000.0
  ]
  is_train: True

2024-10-21 22:20:42,588 INFO: <vase1> (49408-49423) is random initialized by: <rand-0.013>
2024-10-21 22:20:42,879 INFO: <vase2> (49424-49439) is random initialized by existing token (vase): 20431
2024-10-21 22:20:43,393 INFO: optimizing text_encoder (48 LoRAs), using lr: 0.005
2024-10-21 22:20:44,769 INFO: optimizing unet (128 LoRAs), using lr: 0.0001
2024-10-21 22:20:46,905 INFO: ***** Running training *****
2024-10-21 22:20:46,906 INFO:   Num examples = 3000
2024-10-21 22:20:46,906 INFO:   Instantaneous batch size per device = 2
2024-10-21 22:20:46,906 INFO:   Total train batch size (w. parallel, distributed & accumulation) = 2
2024-10-21 22:20:46,906 INFO:   Total optimization steps = 1500.0
2024-10-21 22:20:53,123 INFO: [vase_..][Iter:      10, lr:(4.967e-03,9.933e-05,)] [eta: 0:14:01] loss: 2.7247e-02 Norm_mean: 3.7729e-01 
2024-10-21 22:20:57,249 INFO: [vase_..][Iter:      20, lr:(4.933e-03,9.867e-05,)] [eta: 0:12:08] loss: 8.8521e-02 Norm_mean: 3.7729e-01 
2024-10-21 22:21:01,337 INFO: [vase_..][Iter:      30, lr:(4.900e-03,9.800e-05,)] [eta: 0:11:23] loss: 1.4001e-01 Norm_mean: 3.7729e-01 
2024-10-21 22:21:05,456 INFO: [vase_..][Iter:      40, lr:(4.867e-03,9.733e-05,)] [eta: 0:11:00] loss: 5.7394e-01 Norm_mean: 3.7729e-01 
2024-10-21 22:21:09,566 INFO: [vase_..][Iter:      50, lr:(4.833e-03,9.667e-05,)] [eta: 0:10:43] loss: 4.2701e-02 Norm_mean: 3.7729e-01 
2024-10-21 22:21:13,684 INFO: [vase_..][Iter:      60, lr:(4.800e-03,9.600e-05,)] [eta: 0:10:31] loss: 4.6778e-01 Norm_mean: 3.7729e-01 
2024-10-21 22:21:17,792 INFO: [vase_..][Iter:      70, lr:(4.767e-03,9.533e-05,)] [eta: 0:10:21] loss: 5.0203e-01 Norm_mean: 3.7729e-01 
2024-10-21 22:21:21,895 INFO: [vase_..][Iter:      80, lr:(4.733e-03,9.467e-05,)] [eta: 0:10:12] loss: 6.7117e-02 Norm_mean: 3.7729e-01 
2024-10-21 22:21:26,005 INFO: [vase_..][Iter:      90, lr:(4.700e-03,9.400e-05,)] [eta: 0:10:05] loss: 8.0051e-03 Norm_mean: 3.7729e-01 
2024-10-21 22:21:30,109 INFO: [vase_..][Iter:     100, lr:(4.667e-03,9.333e-05,)] [eta: 0:09:58] loss: 9.4250e-02 Norm_mean: 3.7729e-01 
2024-10-21 22:21:34,227 INFO: [vase_..][Iter:     110, lr:(4.633e-03,9.267e-05,)] [eta: 0:09:52] loss: 3.1475e-01 Norm_mean: 3.7729e-01 
2024-10-21 22:21:38,318 INFO: [vase_..][Iter:     120, lr:(4.600e-03,9.200e-05,)] [eta: 0:09:45] loss: 4.9414e-01 Norm_mean: 3.7729e-01 
2024-10-21 22:21:42,455 INFO: [vase_..][Iter:     130, lr:(4.567e-03,9.133e-05,)] [eta: 0:09:40] loss: 2.2081e-01 Norm_mean: 3.7729e-01 
2024-10-21 22:21:46,552 INFO: [vase_..][Iter:     140, lr:(4.533e-03,9.067e-05,)] [eta: 0:09:34] loss: 1.2797e+00 Norm_mean: 3.7729e-01 
2024-10-21 22:21:50,632 INFO: [vase_..][Iter:     150, lr:(4.500e-03,9.000e-05,)] [eta: 0:09:29] loss: 8.3909e-02 Norm_mean: 3.7729e-01 
2024-10-21 22:21:54,812 INFO: [vase_..][Iter:     160, lr:(4.467e-03,8.933e-05,)] [eta: 0:09:24] loss: 5.0255e-01 Norm_mean: 3.7729e-01 
2024-10-21 22:21:58,967 INFO: [vase_..][Iter:     170, lr:(4.433e-03,8.867e-05,)] [eta: 0:09:20] loss: 5.9437e-02 Norm_mean: 3.7729e-01 
2024-10-21 22:22:03,280 INFO: [vase_..][Iter:     180, lr:(4.400e-03,8.800e-05,)] [eta: 0:09:16] loss: 2.6981e-02 Norm_mean: 3.7729e-01 
2024-10-21 22:22:07,772 INFO: [vase_..][Iter:     190, lr:(4.367e-03,8.733e-05,)] [eta: 0:09:14] loss: 9.2576e-02 Norm_mean: 3.7729e-01 
2024-10-21 22:22:12,272 INFO: [vase_..][Iter:     200, lr:(4.333e-03,8.667e-05,)] [eta: 0:09:11] loss: 5.2354e-01 Norm_mean: 3.7729e-01 
2024-10-21 22:22:16,757 INFO: [vase_..][Iter:     210, lr:(4.300e-03,8.600e-05,)] [eta: 0:09:08] loss: 4.0499e-01 Norm_mean: 3.7729e-01 
2024-10-21 22:22:21,206 INFO: [vase_..][Iter:     220, lr:(4.267e-03,8.533e-05,)] [eta: 0:09:05] loss: 6.3813e-01 Norm_mean: 3.7729e-01 
2024-10-21 22:22:25,741 INFO: [vase_..][Iter:     230, lr:(4.233e-03,8.467e-05,)] [eta: 0:09:02] loss: 1.8554e-01 Norm_mean: 3.7729e-01 
2024-10-21 22:22:30,204 INFO: [vase_..][Iter:     240, lr:(4.200e-03,8.400e-05,)] [eta: 0:08:59] loss: 6.7342e-01 Norm_mean: 3.7729e-01 
2024-10-21 22:22:34,626 INFO: [vase_..][Iter:     250, lr:(4.167e-03,8.333e-05,)] [eta: 0:08:56] loss: 8.7423e-01 Norm_mean: 3.7729e-01 
2024-10-21 22:22:38,981 INFO: [vase_..][Iter:     260, lr:(4.133e-03,8.267e-05,)] [eta: 0:08:52] loss: 1.3260e-01 Norm_mean: 3.7729e-01 
2024-10-21 22:22:43,488 INFO: [vase_..][Iter:     270, lr:(4.100e-03,8.200e-05,)] [eta: 0:08:48] loss: 4.6100e-01 Norm_mean: 3.7729e-01 
2024-10-21 22:22:47,920 INFO: [vase_..][Iter:     280, lr:(4.067e-03,8.133e-05,)] [eta: 0:08:44] loss: 3.5574e-01 Norm_mean: 3.7729e-01 
2024-10-21 22:22:52,315 INFO: [vase_..][Iter:     290, lr:(4.033e-03,8.067e-05,)] [eta: 0:08:41] loss: 3.7792e-01 Norm_mean: 3.7729e-01 
2024-10-21 22:22:56,752 INFO: [vase_..][Iter:     300, lr:(4.000e-03,8.000e-05,)] [eta: 0:08:37] loss: 1.2564e-01 Norm_mean: 3.7729e-01 
2024-10-21 22:23:01,127 INFO: [vase_..][Iter:     310, lr:(3.967e-03,7.933e-05,)] [eta: 0:08:33] loss: 3.4882e-02 Norm_mean: 3.7729e-01 
2024-10-21 22:23:05,532 INFO: [vase_..][Iter:     320, lr:(3.933e-03,7.867e-05,)] [eta: 0:08:29] loss: 3.1865e-01 Norm_mean: 3.7729e-01 
2024-10-21 22:23:09,772 INFO: [vase_..][Iter:     330, lr:(3.900e-03,7.800e-05,)] [eta: 0:08:24] loss: 1.3026e-01 Norm_mean: 3.7729e-01 
2024-10-21 22:23:13,910 INFO: [vase_..][Iter:     340, lr:(3.867e-03,7.733e-05,)] [eta: 0:08:19] loss: 6.7040e-01 Norm_mean: 3.7729e-01 
2024-10-21 22:23:18,096 INFO: [vase_..][Iter:     350, lr:(3.833e-03,7.667e-05,)] [eta: 0:08:14] loss: 3.0177e-01 Norm_mean: 3.7729e-01 
2024-10-21 22:23:22,560 INFO: [vase_..][Iter:     360, lr:(3.800e-03,7.600e-05,)] [eta: 0:08:11] loss: 3.9694e-01 Norm_mean: 3.7729e-01 
2024-10-21 22:23:26,951 INFO: [vase_..][Iter:     370, lr:(3.767e-03,7.533e-05,)] [eta: 0:08:07] loss: 2.3282e-02 Norm_mean: 3.7729e-01 
2024-10-21 22:23:31,369 INFO: [vase_..][Iter:     380, lr:(3.733e-03,7.467e-05,)] [eta: 0:08:03] loss: 2.2356e-02 Norm_mean: 3.7729e-01 
2024-10-21 22:23:35,783 INFO: [vase_..][Iter:     390, lr:(3.700e-03,7.400e-05,)] [eta: 0:07:58] loss: 5.5190e-01 Norm_mean: 3.7729e-01 
2024-10-21 22:23:39,923 INFO: [vase_..][Iter:     400, lr:(3.667e-03,7.333e-05,)] [eta: 0:07:54] loss: 9.1801e-02 Norm_mean: 3.7729e-01 
2024-10-21 22:23:44,255 INFO: [vase_..][Iter:     410, lr:(3.633e-03,7.267e-05,)] [eta: 0:07:49] loss: 4.4928e-01 Norm_mean: 3.7729e-01 
2024-10-21 22:23:48,695 INFO: [vase_..][Iter:     420, lr:(3.600e-03,7.200e-05,)] [eta: 0:07:45] loss: 1.8226e-01 Norm_mean: 3.7729e-01 
2024-10-21 22:23:53,203 INFO: [vase_..][Iter:     430, lr:(3.567e-03,7.133e-05,)] [eta: 0:07:42] loss: 3.0547e-01 Norm_mean: 3.7729e-01 
2024-10-21 22:23:57,603 INFO: [vase_..][Iter:     440, lr:(3.533e-03,7.067e-05,)] [eta: 0:07:37] loss: 1.0647e-01 Norm_mean: 3.7729e-01 
2024-10-21 22:24:02,079 INFO: [vase_..][Iter:     450, lr:(3.500e-03,7.000e-05,)] [eta: 0:07:33] loss: 1.1247e-01 Norm_mean: 3.7729e-01 
2024-10-21 22:24:06,633 INFO: [vase_..][Iter:     460, lr:(3.467e-03,6.933e-05,)] [eta: 0:07:30] loss: 1.4702e-01 Norm_mean: 3.7729e-01 
2024-10-21 22:24:11,119 INFO: [vase_..][Iter:     470, lr:(3.433e-03,6.867e-05,)] [eta: 0:07:26] loss: 2.2650e-01 Norm_mean: 3.7729e-01 
2024-10-21 22:24:15,537 INFO: [vase_..][Iter:     480, lr:(3.400e-03,6.800e-05,)] [eta: 0:07:21] loss: 2.8602e-01 Norm_mean: 3.7729e-01 
2024-10-21 22:24:20,139 INFO: [vase_..][Iter:     490, lr:(3.367e-03,6.733e-05,)] [eta: 0:07:18] loss: 2.3619e-01 Norm_mean: 3.7729e-01 
2024-10-21 22:24:24,547 INFO: [vase_..][Iter:     500, lr:(3.333e-03,6.667e-05,)] [eta: 0:07:13] loss: 4.6614e-01 Norm_mean: 3.7729e-01 
2024-10-21 22:24:28,958 INFO: [vase_..][Iter:     510, lr:(3.300e-03,6.600e-05,)] [eta: 0:07:09] loss: 5.9274e-01 Norm_mean: 3.7729e-01 
2024-10-21 22:24:33,480 INFO: [vase_..][Iter:     520, lr:(3.267e-03,6.533e-05,)] [eta: 0:07:05] loss: 1.0567e+00 Norm_mean: 3.7729e-01 
2024-10-21 22:24:37,780 INFO: [vase_..][Iter:     530, lr:(3.233e-03,6.467e-05,)] [eta: 0:07:01] loss: 2.2024e-01 Norm_mean: 3.7729e-01 
2024-10-21 22:24:41,961 INFO: [vase_..][Iter:     540, lr:(3.200e-03,6.400e-05,)] [eta: 0:06:56] loss: 2.8652e-01 Norm_mean: 3.7729e-01 
2024-10-21 22:24:46,136 INFO: [vase_..][Iter:     550, lr:(3.167e-03,6.333e-05,)] [eta: 0:06:52] loss: 5.7208e-01 Norm_mean: 3.7729e-01 
2024-10-21 22:24:50,261 INFO: [vase_..][Iter:     560, lr:(3.133e-03,6.267e-05,)] [eta: 0:06:47] loss: 4.2072e-01 Norm_mean: 3.7729e-01 
2024-10-21 22:24:54,412 INFO: [vase_..][Iter:     570, lr:(3.100e-03,6.200e-05,)] [eta: 0:06:42] loss: 1.0767e-01 Norm_mean: 3.7729e-01 
2024-10-21 22:24:58,514 INFO: [vase_..][Iter:     580, lr:(3.067e-03,6.133e-05,)] [eta: 0:06:37] loss: 2.4631e-01 Norm_mean: 3.7729e-01 
2024-10-21 22:25:02,666 INFO: [vase_..][Iter:     590, lr:(3.033e-03,6.067e-05,)] [eta: 0:06:33] loss: 3.1256e-01 Norm_mean: 3.7729e-01 
2024-10-21 22:25:06,801 INFO: [vase_..][Iter:     600, lr:(3.000e-03,6.000e-05,)] [eta: 0:06:28] loss: 3.5309e-01 Norm_mean: 3.7729e-01 
2024-10-21 22:25:10,952 INFO: [vase_..][Iter:     610, lr:(2.967e-03,5.933e-05,)] [eta: 0:06:24] loss: 1.4820e-02 Norm_mean: 3.7729e-01 
2024-10-21 22:25:15,132 INFO: [vase_..][Iter:     620, lr:(2.933e-03,5.867e-05,)] [eta: 0:06:19] loss: 4.7032e-01 Norm_mean: 3.7729e-01 
2024-10-21 22:25:19,266 INFO: [vase_..][Iter:     630, lr:(2.900e-03,5.800e-05,)] [eta: 0:06:15] loss: 3.1753e-01 Norm_mean: 3.7729e-01 
2024-10-21 22:25:23,424 INFO: [vase_..][Iter:     640, lr:(2.867e-03,5.733e-05,)] [eta: 0:06:10] loss: 2.9152e-01 Norm_mean: 3.7729e-01 
2024-10-21 22:25:27,595 INFO: [vase_..][Iter:     650, lr:(2.833e-03,5.667e-05,)] [eta: 0:06:06] loss: 9.1505e-01 Norm_mean: 3.7729e-01 
2024-10-21 22:25:31,935 INFO: [vase_..][Iter:     660, lr:(2.800e-03,5.600e-05,)] [eta: 0:06:01] loss: 1.7046e-01 Norm_mean: 3.7729e-01 
2024-10-21 22:25:36,445 INFO: [vase_..][Iter:     670, lr:(2.767e-03,5.533e-05,)] [eta: 0:05:57] loss: 3.5194e-02 Norm_mean: 3.7729e-01 
2024-10-21 22:25:40,924 INFO: [vase_..][Iter:     680, lr:(2.733e-03,5.467e-05,)] [eta: 0:05:53] loss: 6.9033e-01 Norm_mean: 3.7729e-01 
2024-10-21 22:25:45,434 INFO: [vase_..][Iter:     690, lr:(2.700e-03,5.400e-05,)] [eta: 0:05:49] loss: 2.3395e-01 Norm_mean: 3.7729e-01 
2024-10-21 22:25:49,902 INFO: [vase_..][Iter:     700, lr:(2.667e-03,5.333e-05,)] [eta: 0:05:45] loss: 1.0323e-01 Norm_mean: 3.7729e-01 
2024-10-21 22:25:54,344 INFO: [vase_..][Iter:     710, lr:(2.633e-03,5.267e-05,)] [eta: 0:05:41] loss: 5.1931e-01 Norm_mean: 3.7729e-01 
2024-10-21 22:25:58,842 INFO: [vase_..][Iter:     720, lr:(2.600e-03,5.200e-05,)] [eta: 0:05:37] loss: 1.9140e-01 Norm_mean: 3.7729e-01 
2024-10-21 22:26:03,240 INFO: [vase_..][Iter:     730, lr:(2.567e-03,5.133e-05,)] [eta: 0:05:32] loss: 2.9032e-01 Norm_mean: 3.7729e-01 
2024-10-21 22:26:07,600 INFO: [vase_..][Iter:     740, lr:(2.533e-03,5.067e-05,)] [eta: 0:05:28] loss: 8.9393e-02 Norm_mean: 3.7729e-01 
2024-10-21 22:26:11,897 INFO: [vase_..][Iter:     750, lr:(2.500e-03,5.000e-05,)] [eta: 0:05:24] loss: 6.3462e-02 Norm_mean: 3.7729e-01 
2024-10-21 22:26:16,301 INFO: [vase_..][Iter:     760, lr:(2.467e-03,4.933e-05,)] [eta: 0:05:19] loss: 9.4640e-01 Norm_mean: 3.7729e-01 
2024-10-21 22:26:20,444 INFO: [vase_..][Iter:     770, lr:(2.433e-03,4.867e-05,)] [eta: 0:05:15] loss: 3.1393e-02 Norm_mean: 3.7729e-01 
2024-10-21 22:26:24,546 INFO: [vase_..][Iter:     780, lr:(2.400e-03,4.800e-05,)] [eta: 0:05:10] loss: 4.1398e-02 Norm_mean: 3.7729e-01 
2024-10-21 22:26:28,787 INFO: [vase_..][Iter:     790, lr:(2.367e-03,4.733e-05,)] [eta: 0:05:06] loss: 4.5213e-02 Norm_mean: 3.7729e-01 
2024-10-21 22:26:33,169 INFO: [vase_..][Iter:     800, lr:(2.333e-03,4.667e-05,)] [eta: 0:05:02] loss: 1.6828e-01 Norm_mean: 3.7729e-01 
2024-10-21 22:26:37,425 INFO: [vase_..][Iter:     810, lr:(2.300e-03,4.600e-05,)] [eta: 0:04:57] loss: 2.3720e-01 Norm_mean: 3.7729e-01 
2024-10-21 22:26:41,935 INFO: [vase_..][Iter:     820, lr:(2.267e-03,4.533e-05,)] [eta: 0:04:53] loss: 3.0959e-02 Norm_mean: 3.7729e-01 
2024-10-21 22:26:46,359 INFO: [vase_..][Iter:     830, lr:(2.233e-03,4.467e-05,)] [eta: 0:04:49] loss: 9.4104e-01 Norm_mean: 3.7729e-01 
2024-10-21 22:26:50,461 INFO: [vase_..][Iter:     840, lr:(2.200e-03,4.400e-05,)] [eta: 0:04:44] loss: 8.1250e-02 Norm_mean: 3.7729e-01 
2024-10-21 22:26:54,626 INFO: [vase_..][Iter:     850, lr:(2.167e-03,4.333e-05,)] [eta: 0:04:40] loss: 1.1945e+00 Norm_mean: 3.7729e-01 
2024-10-21 22:26:58,800 INFO: [vase_..][Iter:     860, lr:(2.133e-03,4.267e-05,)] [eta: 0:04:36] loss: 5.1846e-02 Norm_mean: 3.7729e-01 
2024-10-21 22:27:02,966 INFO: [vase_..][Iter:     870, lr:(2.100e-03,4.200e-05,)] [eta: 0:04:31] loss: 6.5245e-01 Norm_mean: 3.7729e-01 
2024-10-21 22:27:07,165 INFO: [vase_..][Iter:     880, lr:(2.067e-03,4.133e-05,)] [eta: 0:04:27] loss: 9.0404e-02 Norm_mean: 3.7729e-01 
2024-10-21 22:27:11,325 INFO: [vase_..][Iter:     890, lr:(2.033e-03,4.067e-05,)] [eta: 0:04:22] loss: 5.7345e-01 Norm_mean: 3.7729e-01 
2024-10-21 22:27:15,671 INFO: [vase_..][Iter:     900, lr:(2.000e-03,4.000e-05,)] [eta: 0:04:18] loss: 1.1413e+00 Norm_mean: 3.7729e-01 
2024-10-21 22:27:19,821 INFO: [vase_..][Iter:     910, lr:(1.967e-03,3.933e-05,)] [eta: 0:04:14] loss: 5.0072e-01 Norm_mean: 3.7729e-01 
2024-10-21 22:27:23,973 INFO: [vase_..][Iter:     920, lr:(1.933e-03,3.867e-05,)] [eta: 0:04:09] loss: 8.3775e-02 Norm_mean: 3.7729e-01 
2024-10-21 22:27:28,439 INFO: [vase_..][Iter:     930, lr:(1.900e-03,3.800e-05,)] [eta: 0:04:05] loss: 5.7139e-01 Norm_mean: 3.7729e-01 
2024-10-21 22:27:32,683 INFO: [vase_..][Iter:     940, lr:(1.867e-03,3.733e-05,)] [eta: 0:04:01] loss: 9.9771e-01 Norm_mean: 3.7729e-01 
2024-10-21 22:27:37,047 INFO: [vase_..][Iter:     950, lr:(1.833e-03,3.667e-05,)] [eta: 0:03:56] loss: 3.0826e-01 Norm_mean: 3.7729e-01 
2024-10-21 22:27:41,376 INFO: [vase_..][Iter:     960, lr:(1.800e-03,3.600e-05,)] [eta: 0:03:52] loss: 2.2683e-02 Norm_mean: 3.7729e-01 
2024-10-21 22:27:45,688 INFO: [vase_..][Iter:     970, lr:(1.767e-03,3.533e-05,)] [eta: 0:03:48] loss: 4.1802e-01 Norm_mean: 3.7729e-01 
2024-10-21 22:27:49,990 INFO: [vase_..][Iter:     980, lr:(1.733e-03,3.467e-05,)] [eta: 0:03:43] loss: 1.1588e+00 Norm_mean: 3.7729e-01 
2024-10-21 22:27:54,179 INFO: [vase_..][Iter:     990, lr:(1.700e-03,3.400e-05,)] [eta: 0:03:39] loss: 6.0302e-02 Norm_mean: 3.7729e-01 
2024-10-21 22:27:58,598 INFO: [vase_..][Iter:   1,000, lr:(1.667e-03,3.333e-05,)] [eta: 0:03:35] loss: 1.5735e-01 Norm_mean: 3.7729e-01 
2024-10-21 22:28:02,944 INFO: [vase_..][Iter:   1,010, lr:(1.633e-03,3.267e-05,)] [eta: 0:03:30] loss: 5.3832e-02 Norm_mean: 3.7729e-01 
2024-10-21 22:28:07,463 INFO: [vase_..][Iter:   1,020, lr:(1.600e-03,3.200e-05,)] [eta: 0:03:26] loss: 8.5779e-01 Norm_mean: 3.7729e-01 
2024-10-21 22:28:11,813 INFO: [vase_..][Iter:   1,030, lr:(1.567e-03,3.133e-05,)] [eta: 0:03:22] loss: 3.6223e-02 Norm_mean: 3.7729e-01 
2024-10-21 22:28:16,277 INFO: [vase_..][Iter:   1,040, lr:(1.533e-03,3.067e-05,)] [eta: 0:03:18] loss: 9.5089e-01 Norm_mean: 3.7729e-01 
2024-10-21 22:28:20,762 INFO: [vase_..][Iter:   1,050, lr:(1.500e-03,3.000e-05,)] [eta: 0:03:13] loss: 1.5601e-01 Norm_mean: 3.7729e-01 
2024-10-21 22:28:25,255 INFO: [vase_..][Iter:   1,060, lr:(1.467e-03,2.933e-05,)] [eta: 0:03:09] loss: 4.4332e-01 Norm_mean: 3.7729e-01 
2024-10-21 22:28:29,690 INFO: [vase_..][Iter:   1,070, lr:(1.433e-03,2.867e-05,)] [eta: 0:03:05] loss: 5.9032e-01 Norm_mean: 3.7729e-01 
2024-10-21 22:28:34,082 INFO: [vase_..][Iter:   1,080, lr:(1.400e-03,2.800e-05,)] [eta: 0:03:01] loss: 1.7295e+00 Norm_mean: 3.7729e-01 
2024-10-21 22:28:38,522 INFO: [vase_..][Iter:   1,090, lr:(1.367e-03,2.733e-05,)] [eta: 0:02:56] loss: 1.3589e-02 Norm_mean: 3.7729e-01 
2024-10-21 22:28:42,943 INFO: [vase_..][Iter:   1,100, lr:(1.333e-03,2.667e-05,)] [eta: 0:02:52] loss: 3.3108e-02 Norm_mean: 3.7729e-01 
2024-10-21 22:28:47,352 INFO: [vase_..][Iter:   1,110, lr:(1.300e-03,2.600e-05,)] [eta: 0:02:48] loss: 8.9654e-02 Norm_mean: 3.7729e-01 
2024-10-21 22:28:51,767 INFO: [vase_..][Iter:   1,120, lr:(1.267e-03,2.533e-05,)] [eta: 0:02:43] loss: 3.6934e-01 Norm_mean: 3.7729e-01 
2024-10-21 22:28:56,160 INFO: [vase_..][Iter:   1,130, lr:(1.233e-03,2.467e-05,)] [eta: 0:02:39] loss: 3.5828e-01 Norm_mean: 3.7729e-01 
2024-10-21 22:29:00,597 INFO: [vase_..][Iter:   1,140, lr:(1.200e-03,2.400e-05,)] [eta: 0:02:35] loss: 3.6628e-02 Norm_mean: 3.7729e-01 
2024-10-21 22:29:05,037 INFO: [vase_..][Iter:   1,150, lr:(1.167e-03,2.333e-05,)] [eta: 0:02:31] loss: 5.4567e-01 Norm_mean: 3.7729e-01 
2024-10-21 22:29:09,432 INFO: [vase_..][Iter:   1,160, lr:(1.133e-03,2.267e-05,)] [eta: 0:02:26] loss: 1.5916e-01 Norm_mean: 3.7729e-01 
2024-10-21 22:29:13,894 INFO: [vase_..][Iter:   1,170, lr:(1.100e-03,2.200e-05,)] [eta: 0:02:22] loss: 1.6428e-01 Norm_mean: 3.7729e-01 
2024-10-21 22:29:18,239 INFO: [vase_..][Iter:   1,180, lr:(1.067e-03,2.133e-05,)] [eta: 0:02:18] loss: 3.3072e-01 Norm_mean: 3.7729e-01 
2024-10-21 22:29:22,457 INFO: [vase_..][Iter:   1,190, lr:(1.033e-03,2.067e-05,)] [eta: 0:02:13] loss: 3.2110e-01 Norm_mean: 3.7729e-01 
2024-10-21 22:29:26,892 INFO: [vase_..][Iter:   1,200, lr:(1.000e-03,2.000e-05,)] [eta: 0:02:09] loss: 1.1721e-01 Norm_mean: 3.7729e-01 
2024-10-21 22:29:31,319 INFO: [vase_..][Iter:   1,210, lr:(9.667e-04,1.933e-05,)] [eta: 0:02:05] loss: 7.6313e-01 Norm_mean: 3.7729e-01 
2024-10-21 22:29:35,753 INFO: [vase_..][Iter:   1,220, lr:(9.333e-04,1.867e-05,)] [eta: 0:02:00] loss: 1.2590e-01 Norm_mean: 3.7729e-01 
2024-10-21 22:29:40,121 INFO: [vase_..][Iter:   1,230, lr:(9.000e-04,1.800e-05,)] [eta: 0:01:56] loss: 2.3406e+00 Norm_mean: 3.7729e-01 
2024-10-21 22:29:44,516 INFO: [vase_..][Iter:   1,240, lr:(8.667e-04,1.733e-05,)] [eta: 0:01:52] loss: 3.2024e-02 Norm_mean: 3.7729e-01 
2024-10-21 22:29:48,964 INFO: [vase_..][Iter:   1,250, lr:(8.333e-04,1.667e-05,)] [eta: 0:01:47] loss: 1.3139e+00 Norm_mean: 3.7729e-01 
2024-10-21 22:29:53,383 INFO: [vase_..][Iter:   1,260, lr:(8.000e-04,1.600e-05,)] [eta: 0:01:43] loss: 8.6781e-02 Norm_mean: 3.7729e-01 
2024-10-21 22:29:57,893 INFO: [vase_..][Iter:   1,270, lr:(7.667e-04,1.533e-05,)] [eta: 0:01:39] loss: 8.7664e-01 Norm_mean: 3.7729e-01 
2024-10-21 22:30:02,383 INFO: [vase_..][Iter:   1,280, lr:(7.333e-04,1.467e-05,)] [eta: 0:01:34] loss: 2.5193e-02 Norm_mean: 3.7729e-01 
2024-10-21 22:30:06,779 INFO: [vase_..][Iter:   1,290, lr:(7.000e-04,1.400e-05,)] [eta: 0:01:30] loss: 4.7557e-01 Norm_mean: 3.7729e-01 
2024-10-21 22:30:11,317 INFO: [vase_..][Iter:   1,300, lr:(6.667e-04,1.333e-05,)] [eta: 0:01:26] loss: 1.1332e+00 Norm_mean: 3.7729e-01 
2024-10-21 22:30:15,702 INFO: [vase_..][Iter:   1,310, lr:(6.333e-04,1.267e-05,)] [eta: 0:01:22] loss: 5.0911e-01 Norm_mean: 3.7729e-01 
2024-10-21 22:30:20,195 INFO: [vase_..][Iter:   1,320, lr:(6.000e-04,1.200e-05,)] [eta: 0:01:17] loss: 1.1135e-01 Norm_mean: 3.7729e-01 
2024-10-21 22:30:24,648 INFO: [vase_..][Iter:   1,330, lr:(5.667e-04,1.133e-05,)] [eta: 0:01:13] loss: 1.0386e-01 Norm_mean: 3.7729e-01 
2024-10-21 22:30:29,127 INFO: [vase_..][Iter:   1,340, lr:(5.333e-04,1.067e-05,)] [eta: 0:01:09] loss: 1.2158e-01 Norm_mean: 3.7729e-01 
2024-10-21 22:30:33,539 INFO: [vase_..][Iter:   1,350, lr:(5.000e-04,1.000e-05,)] [eta: 0:01:04] loss: 5.4710e-02 Norm_mean: 3.7729e-01 
2024-10-21 22:30:37,834 INFO: [vase_..][Iter:   1,360, lr:(4.667e-04,9.333e-06,)] [eta: 0:01:00] loss: 2.9780e-01 Norm_mean: 3.7729e-01 
2024-10-21 22:30:42,197 INFO: [vase_..][Iter:   1,370, lr:(4.333e-04,8.667e-06,)] [eta: 0:00:56] loss: 5.5059e-01 Norm_mean: 3.7729e-01 
2024-10-21 22:30:46,423 INFO: [vase_..][Iter:   1,380, lr:(4.000e-04,8.000e-06,)] [eta: 0:00:51] loss: 6.9503e-01 Norm_mean: 3.7729e-01 
2024-10-21 22:30:50,808 INFO: [vase_..][Iter:   1,390, lr:(3.667e-04,7.333e-06,)] [eta: 0:00:47] loss: 7.9978e-01 Norm_mean: 3.7729e-01 
2024-10-21 22:30:55,175 INFO: [vase_..][Iter:   1,400, lr:(3.333e-04,6.667e-06,)] [eta: 0:00:42] loss: 4.8084e-01 Norm_mean: 3.7729e-01 
2024-10-21 22:30:59,517 INFO: [vase_..][Iter:   1,410, lr:(3.000e-04,6.000e-06,)] [eta: 0:00:38] loss: 1.9232e-02 Norm_mean: 3.7729e-01 
2024-10-21 22:31:03,947 INFO: [vase_..][Iter:   1,420, lr:(2.667e-04,5.333e-06,)] [eta: 0:00:34] loss: 2.6480e-02 Norm_mean: 3.7729e-01 
2024-10-21 22:31:08,342 INFO: [vase_..][Iter:   1,430, lr:(2.333e-04,4.667e-06,)] [eta: 0:00:29] loss: 9.3850e-02 Norm_mean: 3.7729e-01 
2024-10-21 22:31:12,864 INFO: [vase_..][Iter:   1,440, lr:(2.000e-04,4.000e-06,)] [eta: 0:00:25] loss: 5.0636e-02 Norm_mean: 3.7729e-01 
2024-10-21 22:31:17,323 INFO: [vase_..][Iter:   1,450, lr:(1.667e-04,3.333e-06,)] [eta: 0:00:21] loss: 4.5249e-01 Norm_mean: 3.7729e-01 
2024-10-21 22:31:21,658 INFO: [vase_..][Iter:   1,460, lr:(1.333e-04,2.667e-06,)] [eta: 0:00:16] loss: 7.8044e-01 Norm_mean: 3.7729e-01 
2024-10-21 22:31:25,962 INFO: [vase_..][Iter:   1,470, lr:(1.000e-04,2.000e-06,)] [eta: 0:00:12] loss: 9.7188e-02 Norm_mean: 3.7729e-01 
2024-10-21 22:31:30,313 INFO: [vase_..][Iter:   1,480, lr:(6.667e-05,1.333e-06,)] [eta: 0:00:08] loss: 5.7173e-01 Norm_mean: 3.7729e-01 
2024-10-21 22:31:34,614 INFO: [vase_..][Iter:   1,490, lr:(3.333e-05,6.667e-07,)] [eta: 0:00:03] loss: 6.3821e-01 Norm_mean: 3.7729e-01 
2024-10-21 22:31:39,033 INFO: [vase_..][Iter:   1,500, lr:(0.000e+00,0.000e+00,)] [eta: 0:00:00] loss: 1.0320e+00 Norm_mean: 3.7729e-01 
2024-10-21 22:31:41,491 INFO: Save state to /media/hdd2/zfzhao/mix_cleanup2/mix_vera/Mix-of-Show/experiments/vase_r1024/models/edlora_model-latest.pth
2024-10-21 22:31:41,492 INFO: Start validation /media/hdd2/zfzhao/mix_cleanup2/mix_vera/Mix-of-Show/experiments/vase_r1024/models/edlora_model-latest.pth:
