2024-10-21 22:29:49,772 INFO: Distributed environment: NO
Num processes: 1
Process index: 0
Local process index: 0
Device: cuda

Mixed precision type: fp16

2024-10-21 22:29:49,772 INFO: 
  name: vase_r32
  manual_seed: 0
  mixed_precision: fp16
  gradient_accumulation_steps: 1
  datasets:[
    train:[
      name: LoraDataset
      concept_list: datasets/data_cfgs/MixofShow/single-concept/objects/real/vase.json
      use_caption: True
      instance_transform: [{'type': 'Resize', 'size': 512}, {'type': 'RandomCrop', 'size': 512}, {'type': 'ToTensor'}, {'type': 'Normalize', 'mean': [0.5], 'std': [0.5]}, {'type': 'ShuffleCaption', 'keep_token_num': 1}, {'type': 'EnhanceText', 'enhance_type': 'object'}]
      replace_mapping:[
        <TOK>: <vase1> <vase2>
      ]
      batch_size_per_gpu: 2
      dataset_enlarge_ratio: 500
    ]
    val_vis:[
      name: PromptDataset
      prompts: datasets/validation_prompts/single-concept/objects/test_vase.txt
      num_samples_per_prompt: 8
      latent_size: [4, 64, 64]
      replace_mapping:[
        <TOK>: <vase1> <vase2>
      ]
      batch_size_per_gpu: 4
    ]
  ]
  models:[
    pretrained_path: experiments/pretrained_models/chilloutmix
    enable_edlora: True
    finetune_cfg:[
      text_embedding:[
        enable_tuning: False
        lr: 0.001
      ]
      text_encoder:[
        enable_tuning: True
        lora_cfg:[
          rank: 32
          alpha: 1.0
          where: CLIPAttention
        ]
        lr: 0.0005
      ]
      unet:[
        enable_tuning: True
        lora_cfg:[
          rank: 32
          alpha: 1.0
          where: Attention
        ]
        lr: 0.0001
      ]
    ]
    new_concept_token: <vase1>+<vase2>
    initializer_token: <rand-0.013>+vase
    noise_offset: 0.01
    attn_reg_weight: 0.01
    reg_full_identity: False
    use_mask_loss: True
    gradient_checkpoint: False
    enable_xformers: True
  ]
  path:[
    pretrain_network: None
    experiments_root: /media/hdd2/zfzhao/mix_cleanup2/mix_lidb/Mix-of-Show/experiments/vase_r32
    models: /media/hdd2/zfzhao/mix_cleanup2/mix_lidb/Mix-of-Show/experiments/vase_r32/models
    log: /media/hdd2/zfzhao/mix_cleanup2/mix_lidb/Mix-of-Show/experiments/vase_r32
    visualization: /media/hdd2/zfzhao/mix_cleanup2/mix_lidb/Mix-of-Show/experiments/vase_r32/visualization
  ]
  train:[
    optim_g:[
      type: AdamW
      lr: 0.0
      weight_decay: 0.01
      betas: [0.9, 0.999]
    ]
    unet_kv_drop_rate: 0
    scheduler: linear
    emb_norm_threshold: 0.55
  ]
  val:[
    val_during_save: True
    compose_visualize: True
    alpha_list: [0, 0.7, 1.0]
    sample:[
      num_inference_steps: 50
      guidance_scale: 7.5
    ]
  ]
  logger:[
    print_freq: 10
    save_checkpoint_freq: 10000.0
  ]
  is_train: True

2024-10-21 22:29:53,972 INFO: <vase1> (49408-49423) is random initialized by: <rand-0.013>
2024-10-21 22:29:54,248 INFO: <vase2> (49424-49439) is random initialized by existing token (vase): 20431
2024-10-21 22:29:57,360 INFO: optimizing text_encoder (48 LoRAs), using lr: 0.0005
2024-10-21 22:30:10,121 INFO: optimizing unet (128 LoRAs), using lr: 0.0001
2024-10-21 22:30:11,740 INFO: ***** Running training *****
2024-10-21 22:30:11,740 INFO:   Num examples = 3000
2024-10-21 22:30:11,740 INFO:   Instantaneous batch size per device = 2
2024-10-21 22:30:11,740 INFO:   Total train batch size (w. parallel, distributed & accumulation) = 2
2024-10-21 22:30:11,740 INFO:   Total optimization steps = 1500.0
2024-10-21 22:30:16,398 INFO: [vase_..][Iter:      10, lr:(4.967e-04,9.933e-05,)] [eta: 0:10:30] loss: 3.9730e-02 Norm_mean: 3.7729e-01 
2024-10-21 22:30:20,488 INFO: [vase_..][Iter:      20, lr:(4.933e-04,9.867e-05,)] [eta: 0:10:16] loss: 8.0895e-02 Norm_mean: 3.7729e-01 
2024-10-21 22:30:24,787 INFO: [vase_..][Iter:      30, lr:(4.900e-04,9.800e-05,)] [eta: 0:10:18] loss: 1.5735e-01 Norm_mean: 3.7729e-01 
2024-10-21 22:30:28,978 INFO: [vase_..][Iter:      40, lr:(4.867e-04,9.733e-05,)] [eta: 0:10:13] loss: 3.7488e-01 Norm_mean: 3.7729e-01 
2024-10-21 22:30:33,208 INFO: [vase_..][Iter:      50, lr:(4.833e-04,9.667e-05,)] [eta: 0:10:09] loss: 4.0989e-02 Norm_mean: 3.7729e-01 
2024-10-21 22:30:37,445 INFO: [vase_..][Iter:      60, lr:(4.800e-04,9.600e-05,)] [eta: 0:10:06] loss: 5.1013e-01 Norm_mean: 3.7729e-01 
2024-10-21 22:30:41,568 INFO: [vase_..][Iter:      70, lr:(4.767e-04,9.533e-05,)] [eta: 0:10:00] loss: 3.5775e-01 Norm_mean: 3.7729e-01 
2024-10-21 22:30:45,766 INFO: [vase_..][Iter:      80, lr:(4.733e-04,9.467e-05,)] [eta: 0:09:56] loss: 1.4159e-01 Norm_mean: 3.7729e-01 
2024-10-21 22:30:49,984 INFO: [vase_..][Iter:      90, lr:(4.700e-04,9.400e-05,)] [eta: 0:09:52] loss: 1.0468e-02 Norm_mean: 3.7729e-01 
2024-10-21 22:30:54,117 INFO: [vase_..][Iter:     100, lr:(4.667e-04,9.333e-05,)] [eta: 0:09:46] loss: 1.7504e-01 Norm_mean: 3.7729e-01 
2024-10-21 22:30:58,264 INFO: [vase_..][Iter:     110, lr:(4.633e-04,9.267e-05,)] [eta: 0:09:42] loss: 3.2273e-01 Norm_mean: 3.7729e-01 
2024-10-21 22:31:02,451 INFO: [vase_..][Iter:     120, lr:(4.600e-04,9.200e-05,)] [eta: 0:09:37] loss: 5.7207e-01 Norm_mean: 3.7729e-01 
2024-10-21 22:31:06,666 INFO: [vase_..][Iter:     130, lr:(4.567e-04,9.133e-05,)] [eta: 0:09:33] loss: 1.9249e-01 Norm_mean: 3.7729e-01 
2024-10-21 22:31:10,890 INFO: [vase_..][Iter:     140, lr:(4.533e-04,9.067e-05,)] [eta: 0:09:30] loss: 8.7301e-01 Norm_mean: 3.7729e-01 
2024-10-21 22:31:15,454 INFO: [vase_..][Iter:     150, lr:(4.500e-04,9.000e-05,)] [eta: 0:09:29] loss: 9.7053e-02 Norm_mean: 3.7729e-01 
2024-10-21 22:31:19,962 INFO: [vase_..][Iter:     160, lr:(4.467e-04,8.933e-05,)] [eta: 0:09:27] loss: 7.6090e-01 Norm_mean: 3.7729e-01 
2024-10-21 22:31:24,191 INFO: [vase_..][Iter:     170, lr:(4.433e-04,8.867e-05,)] [eta: 0:09:23] loss: 5.5270e-02 Norm_mean: 3.7729e-01 
2024-10-21 22:31:28,133 INFO: [vase_..][Iter:     180, lr:(4.400e-04,8.800e-05,)] [eta: 0:09:16] loss: 1.5799e-02 Norm_mean: 3.7729e-01 
2024-10-21 22:31:32,037 INFO: [vase_..][Iter:     190, lr:(4.367e-04,8.733e-05,)] [eta: 0:09:10] loss: 7.4458e-02 Norm_mean: 3.7729e-01 
2024-10-21 22:31:35,965 INFO: [vase_..][Iter:     200, lr:(4.333e-04,8.667e-05,)] [eta: 0:09:04] loss: 4.3943e-01 Norm_mean: 3.7729e-01 
2024-10-21 22:31:39,925 INFO: [vase_..][Iter:     210, lr:(4.300e-04,8.600e-05,)] [eta: 0:08:58] loss: 3.6179e-01 Norm_mean: 3.7729e-01 
2024-10-21 22:31:43,831 INFO: [vase_..][Iter:     220, lr:(4.267e-04,8.533e-05,)] [eta: 0:08:52] loss: 7.6315e-01 Norm_mean: 3.7729e-01 
2024-10-21 22:31:47,707 INFO: [vase_..][Iter:     230, lr:(4.233e-04,8.467e-05,)] [eta: 0:08:47] loss: 1.1264e-01 Norm_mean: 3.7729e-01 
2024-10-21 22:31:51,630 INFO: [vase_..][Iter:     240, lr:(4.200e-04,8.400e-05,)] [eta: 0:08:41] loss: 6.0650e-01 Norm_mean: 3.7729e-01 
2024-10-21 22:31:55,564 INFO: [vase_..][Iter:     250, lr:(4.167e-04,8.333e-05,)] [eta: 0:08:36] loss: 8.3720e-01 Norm_mean: 3.7729e-01 
2024-10-21 22:31:59,497 INFO: [vase_..][Iter:     260, lr:(4.133e-04,8.267e-05,)] [eta: 0:08:31] loss: 1.6728e-01 Norm_mean: 3.7729e-01 
2024-10-21 22:32:03,370 INFO: [vase_..][Iter:     270, lr:(4.100e-04,8.200e-05,)] [eta: 0:08:26] loss: 3.1081e-01 Norm_mean: 3.7729e-01 
2024-10-21 22:32:07,246 INFO: [vase_..][Iter:     280, lr:(4.067e-04,8.133e-05,)] [eta: 0:08:21] loss: 3.2550e-01 Norm_mean: 3.7729e-01 
2024-10-21 22:32:11,071 INFO: [vase_..][Iter:     290, lr:(4.033e-04,8.067e-05,)] [eta: 0:08:15] loss: 3.0778e-01 Norm_mean: 3.7729e-01 
2024-10-21 22:32:14,887 INFO: [vase_..][Iter:     300, lr:(4.000e-04,8.000e-05,)] [eta: 0:08:10] loss: 2.7149e-01 Norm_mean: 3.7729e-01 
2024-10-21 22:32:18,771 INFO: [vase_..][Iter:     310, lr:(3.967e-04,7.933e-05,)] [eta: 0:08:05] loss: 5.0636e-02 Norm_mean: 3.7729e-01 
2024-10-21 22:32:22,597 INFO: [vase_..][Iter:     320, lr:(3.933e-04,7.867e-05,)] [eta: 0:08:00] loss: 3.0219e-01 Norm_mean: 3.7729e-01 
2024-10-21 22:32:26,502 INFO: [vase_..][Iter:     330, lr:(3.900e-04,7.800e-05,)] [eta: 0:07:55] loss: 1.4226e-01 Norm_mean: 3.7729e-01 
2024-10-21 22:32:30,384 INFO: [vase_..][Iter:     340, lr:(3.867e-04,7.733e-05,)] [eta: 0:07:51] loss: 6.9589e-01 Norm_mean: 3.7729e-01 
2024-10-21 22:32:34,254 INFO: [vase_..][Iter:     350, lr:(3.833e-04,7.667e-05,)] [eta: 0:07:46] loss: 1.9861e-01 Norm_mean: 3.7729e-01 
2024-10-21 22:32:38,112 INFO: [vase_..][Iter:     360, lr:(3.800e-04,7.600e-05,)] [eta: 0:07:41] loss: 2.5769e-01 Norm_mean: 3.7729e-01 
2024-10-21 22:32:42,067 INFO: [vase_..][Iter:     370, lr:(3.767e-04,7.533e-05,)] [eta: 0:07:37] loss: 4.2372e-02 Norm_mean: 3.7729e-01 
2024-10-21 22:32:45,992 INFO: [vase_..][Iter:     380, lr:(3.733e-04,7.467e-05,)] [eta: 0:07:33] loss: 2.1402e-02 Norm_mean: 3.7729e-01 
2024-10-21 22:32:49,930 INFO: [vase_..][Iter:     390, lr:(3.700e-04,7.400e-05,)] [eta: 0:07:28] loss: 4.6500e-01 Norm_mean: 3.7729e-01 
2024-10-21 22:32:53,897 INFO: [vase_..][Iter:     400, lr:(3.667e-04,7.333e-05,)] [eta: 0:07:24] loss: 9.3219e-02 Norm_mean: 3.7729e-01 
2024-10-21 22:32:57,795 INFO: [vase_..][Iter:     410, lr:(3.633e-04,7.267e-05,)] [eta: 0:07:19] loss: 2.9753e-01 Norm_mean: 3.7729e-01 
2024-10-21 22:33:01,781 INFO: [vase_..][Iter:     420, lr:(3.600e-04,7.200e-05,)] [eta: 0:07:15] loss: 2.9454e-01 Norm_mean: 3.7729e-01 
2024-10-21 22:33:05,712 INFO: [vase_..][Iter:     430, lr:(3.567e-04,7.133e-05,)] [eta: 0:07:11] loss: 3.1067e-01 Norm_mean: 3.7729e-01 
2024-10-21 22:33:09,667 INFO: [vase_..][Iter:     440, lr:(3.533e-04,7.067e-05,)] [eta: 0:07:07] loss: 6.0316e-02 Norm_mean: 3.7729e-01 
2024-10-21 22:33:13,641 INFO: [vase_..][Iter:     450, lr:(3.500e-04,7.000e-05,)] [eta: 0:07:03] loss: 1.0560e-01 Norm_mean: 3.7729e-01 
2024-10-21 22:33:17,554 INFO: [vase_..][Iter:     460, lr:(3.467e-04,6.933e-05,)] [eta: 0:06:58] loss: 6.5509e-02 Norm_mean: 3.7729e-01 
2024-10-21 22:33:21,230 INFO: [vase_..][Iter:     470, lr:(3.433e-04,6.867e-05,)] [eta: 0:06:53] loss: 9.6859e-02 Norm_mean: 3.7729e-01 
2024-10-21 22:33:24,863 INFO: [vase_..][Iter:     480, lr:(3.400e-04,6.800e-05,)] [eta: 0:06:49] loss: 1.6179e-01 Norm_mean: 3.7729e-01 
2024-10-21 22:33:28,470 INFO: [vase_..][Iter:     490, lr:(3.367e-04,6.733e-05,)] [eta: 0:06:44] loss: 1.9807e-01 Norm_mean: 3.7729e-01 
2024-10-21 22:33:32,073 INFO: [vase_..][Iter:     500, lr:(3.333e-04,6.667e-05,)] [eta: 0:06:39] loss: 4.8162e-01 Norm_mean: 3.7729e-01 
2024-10-21 22:33:35,667 INFO: [vase_..][Iter:     510, lr:(3.300e-04,6.600e-05,)] [eta: 0:06:34] loss: 3.9912e-01 Norm_mean: 3.7729e-01 
2024-10-21 22:33:39,265 INFO: [vase_..][Iter:     520, lr:(3.267e-04,6.533e-05,)] [eta: 0:06:29] loss: 1.1910e+00 Norm_mean: 3.7729e-01 
2024-10-21 22:33:42,874 INFO: [vase_..][Iter:     530, lr:(3.233e-04,6.467e-05,)] [eta: 0:06:25] loss: 1.1608e-01 Norm_mean: 3.7729e-01 
2024-10-21 22:33:46,478 INFO: [vase_..][Iter:     540, lr:(3.200e-04,6.400e-05,)] [eta: 0:06:20] loss: 4.8248e-01 Norm_mean: 3.7729e-01 
2024-10-21 22:33:50,118 INFO: [vase_..][Iter:     550, lr:(3.167e-04,6.333e-05,)] [eta: 0:06:16] loss: 5.3244e-01 Norm_mean: 3.7729e-01 
2024-10-21 22:33:53,752 INFO: [vase_..][Iter:     560, lr:(3.133e-04,6.267e-05,)] [eta: 0:06:11] loss: 4.3313e-01 Norm_mean: 3.7729e-01 
2024-10-21 22:33:57,348 INFO: [vase_..][Iter:     570, lr:(3.100e-04,6.200e-05,)] [eta: 0:06:07] loss: 1.0382e-01 Norm_mean: 3.7729e-01 
2024-10-21 22:34:00,967 INFO: [vase_..][Iter:     580, lr:(3.067e-04,6.133e-05,)] [eta: 0:06:02] loss: 2.0490e-01 Norm_mean: 3.7729e-01 
2024-10-21 22:34:04,584 INFO: [vase_..][Iter:     590, lr:(3.033e-04,6.067e-05,)] [eta: 0:05:58] loss: 1.9308e-01 Norm_mean: 3.7729e-01 
2024-10-21 22:34:08,194 INFO: [vase_..][Iter:     600, lr:(3.000e-04,6.000e-05,)] [eta: 0:05:53] loss: 4.7998e-01 Norm_mean: 3.7729e-01 
2024-10-21 22:34:11,804 INFO: [vase_..][Iter:     610, lr:(2.967e-04,5.933e-05,)] [eta: 0:05:49] loss: 2.2768e-02 Norm_mean: 3.7729e-01 
2024-10-21 22:34:15,408 INFO: [vase_..][Iter:     620, lr:(2.933e-04,5.867e-05,)] [eta: 0:05:44] loss: 4.2891e-01 Norm_mean: 3.7729e-01 
2024-10-21 22:34:19,018 INFO: [vase_..][Iter:     630, lr:(2.900e-04,5.800e-05,)] [eta: 0:05:40] loss: 4.2108e-01 Norm_mean: 3.7729e-01 
2024-10-21 22:34:22,635 INFO: [vase_..][Iter:     640, lr:(2.867e-04,5.733e-05,)] [eta: 0:05:36] loss: 1.9172e-01 Norm_mean: 3.7729e-01 
2024-10-21 22:34:26,252 INFO: [vase_..][Iter:     650, lr:(2.833e-04,5.667e-05,)] [eta: 0:05:31] loss: 6.5386e-01 Norm_mean: 3.7729e-01 
2024-10-21 22:34:29,829 INFO: [vase_..][Iter:     660, lr:(2.800e-04,5.600e-05,)] [eta: 0:05:27] loss: 1.4880e-01 Norm_mean: 3.7729e-01 
2024-10-21 22:34:33,447 INFO: [vase_..][Iter:     670, lr:(2.767e-04,5.533e-05,)] [eta: 0:05:23] loss: 1.8692e-02 Norm_mean: 3.7729e-01 
2024-10-21 22:34:37,069 INFO: [vase_..][Iter:     680, lr:(2.733e-04,5.467e-05,)] [eta: 0:05:19] loss: 7.7976e-01 Norm_mean: 3.7729e-01 
2024-10-21 22:34:40,671 INFO: [vase_..][Iter:     690, lr:(2.700e-04,5.400e-05,)] [eta: 0:05:14] loss: 1.7261e-01 Norm_mean: 3.7729e-01 
2024-10-21 22:34:44,271 INFO: [vase_..][Iter:     700, lr:(2.667e-04,5.333e-05,)] [eta: 0:05:10] loss: 1.2915e-01 Norm_mean: 3.7729e-01 
2024-10-21 22:34:47,855 INFO: [vase_..][Iter:     710, lr:(2.633e-04,5.267e-05,)] [eta: 0:05:06] loss: 6.1346e-01 Norm_mean: 3.7729e-01 
2024-10-21 22:34:51,404 INFO: [vase_..][Iter:     720, lr:(2.600e-04,5.200e-05,)] [eta: 0:05:02] loss: 1.7181e-01 Norm_mean: 3.7729e-01 
2024-10-21 22:34:54,961 INFO: [vase_..][Iter:     730, lr:(2.567e-04,5.133e-05,)] [eta: 0:04:57] loss: 1.9999e-01 Norm_mean: 3.7729e-01 
2024-10-21 22:34:58,566 INFO: [vase_..][Iter:     740, lr:(2.533e-04,5.067e-05,)] [eta: 0:04:53] loss: 9.6914e-02 Norm_mean: 3.7729e-01 
2024-10-21 22:35:02,116 INFO: [vase_..][Iter:     750, lr:(2.500e-04,5.000e-05,)] [eta: 0:04:49] loss: 2.9883e-02 Norm_mean: 3.7729e-01 
2024-10-21 22:35:05,673 INFO: [vase_..][Iter:     760, lr:(2.467e-04,4.933e-05,)] [eta: 0:04:45] loss: 1.0214e+00 Norm_mean: 3.7729e-01 
2024-10-21 22:35:09,200 INFO: [vase_..][Iter:     770, lr:(2.433e-04,4.867e-05,)] [eta: 0:04:41] loss: 4.4163e-02 Norm_mean: 3.7729e-01 
2024-10-21 22:35:12,734 INFO: [vase_..][Iter:     780, lr:(2.400e-04,4.800e-05,)] [eta: 0:04:37] loss: 4.9845e-02 Norm_mean: 3.7729e-01 
2024-10-21 22:35:16,300 INFO: [vase_..][Iter:     790, lr:(2.367e-04,4.733e-05,)] [eta: 0:04:32] loss: 4.0979e-02 Norm_mean: 3.7729e-01 
2024-10-21 22:35:19,906 INFO: [vase_..][Iter:     800, lr:(2.333e-04,4.667e-05,)] [eta: 0:04:28] loss: 8.2071e-02 Norm_mean: 3.7729e-01 
2024-10-21 22:35:23,525 INFO: [vase_..][Iter:     810, lr:(2.300e-04,4.600e-05,)] [eta: 0:04:24] loss: 3.5945e-01 Norm_mean: 3.7729e-01 
2024-10-21 22:35:27,261 INFO: [vase_..][Iter:     820, lr:(2.267e-04,4.533e-05,)] [eta: 0:04:20] loss: 5.2459e-02 Norm_mean: 3.7729e-01 
2024-10-21 22:35:30,881 INFO: [vase_..][Iter:     830, lr:(2.233e-04,4.467e-05,)] [eta: 0:04:16] loss: 9.0632e-01 Norm_mean: 3.7729e-01 
2024-10-21 22:35:34,502 INFO: [vase_..][Iter:     840, lr:(2.200e-04,4.400e-05,)] [eta: 0:04:12] loss: 6.6599e-02 Norm_mean: 3.7729e-01 
2024-10-21 22:35:38,125 INFO: [vase_..][Iter:     850, lr:(2.167e-04,4.333e-05,)] [eta: 0:04:08] loss: 8.6307e-01 Norm_mean: 3.7729e-01 
2024-10-21 22:35:41,734 INFO: [vase_..][Iter:     860, lr:(2.133e-04,4.267e-05,)] [eta: 0:04:04] loss: 7.0320e-02 Norm_mean: 3.7729e-01 
2024-10-21 22:35:45,349 INFO: [vase_..][Iter:     870, lr:(2.100e-04,4.200e-05,)] [eta: 0:04:00] loss: 4.4878e-01 Norm_mean: 3.7729e-01 
2024-10-21 22:35:48,953 INFO: [vase_..][Iter:     880, lr:(2.067e-04,4.133e-05,)] [eta: 0:03:56] loss: 1.6545e-01 Norm_mean: 3.7729e-01 
2024-10-21 22:35:52,576 INFO: [vase_..][Iter:     890, lr:(2.033e-04,4.067e-05,)] [eta: 0:03:52] loss: 5.7143e-01 Norm_mean: 3.7729e-01 
2024-10-21 22:35:56,198 INFO: [vase_..][Iter:     900, lr:(2.000e-04,4.000e-05,)] [eta: 0:03:49] loss: 9.2828e-01 Norm_mean: 3.7729e-01 
2024-10-21 22:35:59,816 INFO: [vase_..][Iter:     910, lr:(1.967e-04,3.933e-05,)] [eta: 0:03:45] loss: 5.4644e-01 Norm_mean: 3.7729e-01 
2024-10-21 22:36:03,441 INFO: [vase_..][Iter:     920, lr:(1.933e-04,3.867e-05,)] [eta: 0:03:41] loss: 7.8989e-02 Norm_mean: 3.7729e-01 
2024-10-21 22:36:07,044 INFO: [vase_..][Iter:     930, lr:(1.900e-04,3.800e-05,)] [eta: 0:03:37] loss: 3.6307e-01 Norm_mean: 3.7729e-01 
2024-10-21 22:36:10,656 INFO: [vase_..][Iter:     940, lr:(1.867e-04,3.733e-05,)] [eta: 0:03:33] loss: 7.2229e-01 Norm_mean: 3.7729e-01 
2024-10-21 22:36:14,265 INFO: [vase_..][Iter:     950, lr:(1.833e-04,3.667e-05,)] [eta: 0:03:29] loss: 2.3130e-01 Norm_mean: 3.7729e-01 
2024-10-21 22:36:17,872 INFO: [vase_..][Iter:     960, lr:(1.800e-04,3.600e-05,)] [eta: 0:03:25] loss: 1.5290e-02 Norm_mean: 3.7729e-01 
2024-10-21 22:36:21,482 INFO: [vase_..][Iter:     970, lr:(1.767e-04,3.533e-05,)] [eta: 0:03:21] loss: 5.1707e-01 Norm_mean: 3.7729e-01 
2024-10-21 22:36:25,100 INFO: [vase_..][Iter:     980, lr:(1.733e-04,3.467e-05,)] [eta: 0:03:17] loss: 1.1400e+00 Norm_mean: 3.7729e-01 
2024-10-21 22:36:28,719 INFO: [vase_..][Iter:     990, lr:(1.700e-04,3.400e-05,)] [eta: 0:03:13] loss: 5.1477e-02 Norm_mean: 3.7729e-01 
2024-10-21 22:36:32,338 INFO: [vase_..][Iter:   1,000, lr:(1.667e-04,3.333e-05,)] [eta: 0:03:09] loss: 2.1751e-01 Norm_mean: 3.7729e-01 
2024-10-21 22:36:35,962 INFO: [vase_..][Iter:   1,010, lr:(1.633e-04,3.267e-05,)] [eta: 0:03:05] loss: 4.5835e-02 Norm_mean: 3.7729e-01 
2024-10-21 22:36:39,569 INFO: [vase_..][Iter:   1,020, lr:(1.600e-04,3.200e-05,)] [eta: 0:03:01] loss: 9.8345e-01 Norm_mean: 3.7729e-01 
2024-10-21 22:36:43,200 INFO: [vase_..][Iter:   1,030, lr:(1.567e-04,3.133e-05,)] [eta: 0:02:58] loss: 4.2998e-02 Norm_mean: 3.7729e-01 
2024-10-21 22:36:46,825 INFO: [vase_..][Iter:   1,040, lr:(1.533e-04,3.067e-05,)] [eta: 0:02:54] loss: 9.2931e-01 Norm_mean: 3.7729e-01 
2024-10-21 22:36:50,439 INFO: [vase_..][Iter:   1,050, lr:(1.500e-04,3.000e-05,)] [eta: 0:02:50] loss: 2.0659e-01 Norm_mean: 3.7729e-01 
2024-10-21 22:36:54,053 INFO: [vase_..][Iter:   1,060, lr:(1.467e-04,2.933e-05,)] [eta: 0:02:46] loss: 3.3162e-01 Norm_mean: 3.7729e-01 
2024-10-21 22:36:57,673 INFO: [vase_..][Iter:   1,070, lr:(1.433e-04,2.867e-05,)] [eta: 0:02:42] loss: 5.9248e-01 Norm_mean: 3.7729e-01 
2024-10-21 22:37:01,289 INFO: [vase_..][Iter:   1,080, lr:(1.400e-04,2.800e-05,)] [eta: 0:02:38] loss: 1.6183e+00 Norm_mean: 3.7729e-01 
2024-10-21 22:37:04,916 INFO: [vase_..][Iter:   1,090, lr:(1.367e-04,2.733e-05,)] [eta: 0:02:34] loss: 1.7241e-02 Norm_mean: 3.7729e-01 
2024-10-21 22:37:08,520 INFO: [vase_..][Iter:   1,100, lr:(1.333e-04,2.667e-05,)] [eta: 0:02:31] loss: 2.6179e-02 Norm_mean: 3.7729e-01 
2024-10-21 22:37:12,144 INFO: [vase_..][Iter:   1,110, lr:(1.300e-04,2.600e-05,)] [eta: 0:02:27] loss: 8.6427e-02 Norm_mean: 3.7729e-01 
2024-10-21 22:37:15,735 INFO: [vase_..][Iter:   1,120, lr:(1.267e-04,2.533e-05,)] [eta: 0:02:23] loss: 2.3210e-01 Norm_mean: 3.7729e-01 
2024-10-21 22:37:19,351 INFO: [vase_..][Iter:   1,130, lr:(1.233e-04,2.467e-05,)] [eta: 0:02:19] loss: 3.5098e-01 Norm_mean: 3.7729e-01 
2024-10-21 22:37:22,984 INFO: [vase_..][Iter:   1,140, lr:(1.200e-04,2.400e-05,)] [eta: 0:02:15] loss: 3.1070e-02 Norm_mean: 3.7729e-01 
2024-10-21 22:37:26,609 INFO: [vase_..][Iter:   1,150, lr:(1.167e-04,2.333e-05,)] [eta: 0:02:11] loss: 6.3451e-01 Norm_mean: 3.7729e-01 
2024-10-21 22:37:30,192 INFO: [vase_..][Iter:   1,160, lr:(1.133e-04,2.267e-05,)] [eta: 0:02:08] loss: 1.5352e-01 Norm_mean: 3.7729e-01 
2024-10-21 22:37:33,754 INFO: [vase_..][Iter:   1,170, lr:(1.100e-04,2.200e-05,)] [eta: 0:02:04] loss: 1.4072e-01 Norm_mean: 3.7729e-01 
2024-10-21 22:37:37,378 INFO: [vase_..][Iter:   1,180, lr:(1.067e-04,2.133e-05,)] [eta: 0:02:00] loss: 3.5546e-01 Norm_mean: 3.7729e-01 
2024-10-21 22:37:40,982 INFO: [vase_..][Iter:   1,190, lr:(1.033e-04,2.067e-05,)] [eta: 0:01:56] loss: 4.1067e-01 Norm_mean: 3.7729e-01 
2024-10-21 22:37:44,597 INFO: [vase_..][Iter:   1,200, lr:(1.000e-04,2.000e-05,)] [eta: 0:01:52] loss: 1.1492e-01 Norm_mean: 3.7729e-01 
2024-10-21 22:37:48,220 INFO: [vase_..][Iter:   1,210, lr:(9.667e-05,1.933e-05,)] [eta: 0:01:48] loss: 9.9870e-01 Norm_mean: 3.7729e-01 
2024-10-21 22:37:51,843 INFO: [vase_..][Iter:   1,220, lr:(9.333e-05,1.867e-05,)] [eta: 0:01:45] loss: 1.9377e-01 Norm_mean: 3.7729e-01 
2024-10-21 22:37:55,486 INFO: [vase_..][Iter:   1,230, lr:(9.000e-05,1.800e-05,)] [eta: 0:01:41] loss: 2.2005e+00 Norm_mean: 3.7729e-01 
2024-10-21 22:37:59,083 INFO: [vase_..][Iter:   1,240, lr:(8.667e-05,1.733e-05,)] [eta: 0:01:37] loss: 4.3275e-02 Norm_mean: 3.7729e-01 
2024-10-21 22:38:02,634 INFO: [vase_..][Iter:   1,250, lr:(8.333e-05,1.667e-05,)] [eta: 0:01:33] loss: 1.4321e+00 Norm_mean: 3.7729e-01 
2024-10-21 22:38:06,154 INFO: [vase_..][Iter:   1,260, lr:(8.000e-05,1.600e-05,)] [eta: 0:01:29] loss: 1.5427e-01 Norm_mean: 3.7729e-01 
2024-10-21 22:38:09,720 INFO: [vase_..][Iter:   1,270, lr:(7.667e-05,1.533e-05,)] [eta: 0:01:26] loss: 6.2047e-01 Norm_mean: 3.7729e-01 
2024-10-21 22:38:13,341 INFO: [vase_..][Iter:   1,280, lr:(7.333e-05,1.467e-05,)] [eta: 0:01:22] loss: 2.7658e-02 Norm_mean: 3.7729e-01 
2024-10-21 22:38:17,048 INFO: [vase_..][Iter:   1,290, lr:(7.000e-05,1.400e-05,)] [eta: 0:01:18] loss: 4.3983e-01 Norm_mean: 3.7729e-01 
2024-10-21 22:38:20,777 INFO: [vase_..][Iter:   1,300, lr:(6.667e-05,1.333e-05,)] [eta: 0:01:14] loss: 1.1766e+00 Norm_mean: 3.7729e-01 
2024-10-21 22:38:24,408 INFO: [vase_..][Iter:   1,310, lr:(6.333e-05,1.267e-05,)] [eta: 0:01:11] loss: 4.9282e-01 Norm_mean: 3.7729e-01 
2024-10-21 22:38:28,081 INFO: [vase_..][Iter:   1,320, lr:(6.000e-05,1.200e-05,)] [eta: 0:01:07] loss: 2.3149e-01 Norm_mean: 3.7729e-01 
2024-10-21 22:38:31,719 INFO: [vase_..][Iter:   1,330, lr:(5.667e-05,1.133e-05,)] [eta: 0:01:03] loss: 1.6223e-01 Norm_mean: 3.7729e-01 
2024-10-21 22:38:35,340 INFO: [vase_..][Iter:   1,340, lr:(5.333e-05,1.067e-05,)] [eta: 0:00:59] loss: 1.2128e-01 Norm_mean: 3.7729e-01 
2024-10-21 22:38:38,981 INFO: [vase_..][Iter:   1,350, lr:(5.000e-05,1.000e-05,)] [eta: 0:00:55] loss: 3.6672e-02 Norm_mean: 3.7729e-01 
2024-10-21 22:38:42,650 INFO: [vase_..][Iter:   1,360, lr:(4.667e-05,9.333e-06,)] [eta: 0:00:52] loss: 4.9185e-01 Norm_mean: 3.7729e-01 
2024-10-21 22:38:46,286 INFO: [vase_..][Iter:   1,370, lr:(4.333e-05,8.667e-06,)] [eta: 0:00:48] loss: 5.5302e-01 Norm_mean: 3.7729e-01 
2024-10-21 22:38:49,896 INFO: [vase_..][Iter:   1,380, lr:(4.000e-05,8.000e-06,)] [eta: 0:00:44] loss: 6.8172e-01 Norm_mean: 3.7729e-01 
2024-10-21 22:38:53,552 INFO: [vase_..][Iter:   1,390, lr:(3.667e-05,7.333e-06,)] [eta: 0:00:40] loss: 8.1794e-01 Norm_mean: 3.7729e-01 
2024-10-21 22:38:57,200 INFO: [vase_..][Iter:   1,400, lr:(3.333e-05,6.667e-06,)] [eta: 0:00:37] loss: 4.1556e-01 Norm_mean: 3.7729e-01 
2024-10-21 22:39:00,820 INFO: [vase_..][Iter:   1,410, lr:(3.000e-05,6.000e-06,)] [eta: 0:00:33] loss: 2.1598e-02 Norm_mean: 3.7729e-01 
2024-10-21 22:39:04,437 INFO: [vase_..][Iter:   1,420, lr:(2.667e-05,5.333e-06,)] [eta: 0:00:29] loss: 2.2859e-02 Norm_mean: 3.7729e-01 
2024-10-21 22:39:08,078 INFO: [vase_..][Iter:   1,430, lr:(2.333e-05,4.667e-06,)] [eta: 0:00:25] loss: 1.1680e-01 Norm_mean: 3.7729e-01 
2024-10-21 22:39:11,709 INFO: [vase_..][Iter:   1,440, lr:(2.000e-05,4.000e-06,)] [eta: 0:00:22] loss: 3.5684e-02 Norm_mean: 3.7729e-01 
2024-10-21 22:39:15,328 INFO: [vase_..][Iter:   1,450, lr:(1.667e-05,3.333e-06,)] [eta: 0:00:18] loss: 4.2851e-01 Norm_mean: 3.7729e-01 
2024-10-21 22:39:18,953 INFO: [vase_..][Iter:   1,460, lr:(1.333e-05,2.667e-06,)] [eta: 0:00:14] loss: 6.7959e-01 Norm_mean: 3.7729e-01 
2024-10-21 22:39:22,589 INFO: [vase_..][Iter:   1,470, lr:(1.000e-05,2.000e-06,)] [eta: 0:00:10] loss: 6.5703e-02 Norm_mean: 3.7729e-01 
2024-10-21 22:39:26,216 INFO: [vase_..][Iter:   1,480, lr:(6.667e-06,1.333e-06,)] [eta: 0:00:07] loss: 6.6657e-01 Norm_mean: 3.7729e-01 
2024-10-21 22:39:29,835 INFO: [vase_..][Iter:   1,490, lr:(3.333e-06,6.667e-07,)] [eta: 0:00:03] loss: 4.0718e-01 Norm_mean: 3.7729e-01 
2024-10-21 22:39:33,458 INFO: [vase_..][Iter:   1,500, lr:(0.000e+00,0.000e+00,)] [eta: 0:00:00] loss: 7.2532e-01 Norm_mean: 3.7729e-01 
2024-10-21 22:39:33,661 INFO: Save state to /media/hdd2/zfzhao/mix_cleanup2/mix_lidb/Mix-of-Show/experiments/vase_r32/models/edlora_model-latest.pth
2024-10-21 22:39:33,662 INFO: Start validation /media/hdd2/zfzhao/mix_cleanup2/mix_lidb/Mix-of-Show/experiments/vase_r32/models/edlora_model-latest.pth:
